mode: set
_\C_\Users\User\Desktop\graph_theory\Regex-creator\NfaBuilder\nfaBuilder.go:33.35,37.25 2 1
_\C_\Users\User\Desktop\graph_theory\Regex-creator\NfaBuilder\nfaBuilder.go:124.2,124.23 1 1
_\C_\Users\User\Desktop\graph_theory\Regex-creator\NfaBuilder\nfaBuilder.go:128.2,128.20 1 1
_\C_\Users\User\Desktop\graph_theory\Regex-creator\NfaBuilder\nfaBuilder.go:37.25,39.12 1 1
_\C_\Users\User\Desktop\graph_theory\Regex-creator\NfaBuilder\nfaBuilder.go:42.12,55.84 6 1
_\C_\Users\User\Desktop\graph_theory\Regex-creator\NfaBuilder\nfaBuilder.go:57.12,73.73 9 1
_\C_\Users\User\Desktop\graph_theory\Regex-creator\NfaBuilder\nfaBuilder.go:75.12,86.73 7 1
_\C_\Users\User\Desktop\graph_theory\Regex-creator\NfaBuilder\nfaBuilder.go:88.12,100.77 6 1
_\C_\Users\User\Desktop\graph_theory\Regex-creator\NfaBuilder\nfaBuilder.go:102.12,110.77 4 1
_\C_\Users\User\Desktop\graph_theory\Regex-creator\NfaBuilder\nfaBuilder.go:112.11,118.74 3 1
_\C_\Users\User\Desktop\graph_theory\Regex-creator\NfaBuilder\nfaBuilder.go:124.23,127.3 1 0
_\C_\Users\User\Desktop\graph_theory\Regex-creator\NfaBuilder\nfaBuilder.go:131.41,148.22 7 1
_\C_\Users\User\Desktop\graph_theory\Regex-creator\NfaBuilder\nfaBuilder.go:160.2,160.28 1 1
_\C_\Users\User\Desktop\graph_theory\Regex-creator\NfaBuilder\nfaBuilder.go:168.2,168.16 1 1
_\C_\Users\User\Desktop\graph_theory\Regex-creator\NfaBuilder\nfaBuilder.go:148.22,150.29 1 1
_\C_\Users\User\Desktop\graph_theory\Regex-creator\NfaBuilder\nfaBuilder.go:156.3,156.35 1 1
_\C_\Users\User\Desktop\graph_theory\Regex-creator\NfaBuilder\nfaBuilder.go:150.29,152.20 1 1
_\C_\Users\User\Desktop\graph_theory\Regex-creator\NfaBuilder\nfaBuilder.go:152.20,154.5 1 1
_\C_\Users\User\Desktop\graph_theory\Regex-creator\NfaBuilder\nfaBuilder.go:160.28,162.23 1 1
_\C_\Users\User\Desktop\graph_theory\Regex-creator\NfaBuilder\nfaBuilder.go:162.23,164.9 2 1
_\C_\Users\User\Desktop\graph_theory\Regex-creator\NfaBuilder\nfaBuilder.go:171.56,174.28 2 1
_\C_\Users\User\Desktop\graph_theory\Regex-creator\NfaBuilder\nfaBuilder.go:180.2,180.10 1 1
_\C_\Users\User\Desktop\graph_theory\Regex-creator\NfaBuilder\nfaBuilder.go:174.28,176.21 2 1
_\C_\Users\User\Desktop\graph_theory\Regex-creator\NfaBuilder\nfaBuilder.go:176.21,178.4 1 1
