mode: set
_\C_\Users\User\Desktop\graph_theory\Regex-creator\nfaBuilder\nfaBuilder.go:35.35,41.25 2 1
_\C_\Users\User\Desktop\graph_theory\Regex-creator\nfaBuilder\nfaBuilder.go:124.2,124.23 1 1
_\C_\Users\User\Desktop\graph_theory\Regex-creator\nfaBuilder\nfaBuilder.go:128.2,128.20 1 1
_\C_\Users\User\Desktop\graph_theory\Regex-creator\nfaBuilder\nfaBuilder.go:41.25,43.12 1 1
_\C_\Users\User\Desktop\graph_theory\Regex-creator\nfaBuilder\nfaBuilder.go:46.12,59.84 6 1
_\C_\Users\User\Desktop\graph_theory\Regex-creator\nfaBuilder\nfaBuilder.go:61.12,77.73 9 1
_\C_\Users\User\Desktop\graph_theory\Regex-creator\nfaBuilder\nfaBuilder.go:79.12,90.73 7 1
_\C_\Users\User\Desktop\graph_theory\Regex-creator\nfaBuilder\nfaBuilder.go:92.12,104.77 6 1
_\C_\Users\User\Desktop\graph_theory\Regex-creator\nfaBuilder\nfaBuilder.go:106.12,114.77 4 1
_\C_\Users\User\Desktop\graph_theory\Regex-creator\nfaBuilder\nfaBuilder.go:116.11,119.74 3 1
_\C_\Users\User\Desktop\graph_theory\Regex-creator\nfaBuilder\nfaBuilder.go:124.23,127.3 1 0
_\C_\Users\User\Desktop\graph_theory\Regex-creator\nfaBuilder\nfaBuilder.go:132.41,151.22 7 1
_\C_\Users\User\Desktop\graph_theory\Regex-creator\nfaBuilder\nfaBuilder.go:163.2,163.28 1 1
_\C_\Users\User\Desktop\graph_theory\Regex-creator\nfaBuilder\nfaBuilder.go:171.2,171.16 1 1
_\C_\Users\User\Desktop\graph_theory\Regex-creator\nfaBuilder\nfaBuilder.go:151.22,153.29 1 1
_\C_\Users\User\Desktop\graph_theory\Regex-creator\nfaBuilder\nfaBuilder.go:159.3,159.35 1 1
_\C_\Users\User\Desktop\graph_theory\Regex-creator\nfaBuilder\nfaBuilder.go:153.29,155.20 1 1
_\C_\Users\User\Desktop\graph_theory\Regex-creator\nfaBuilder\nfaBuilder.go:155.20,157.5 1 1
_\C_\Users\User\Desktop\graph_theory\Regex-creator\nfaBuilder\nfaBuilder.go:163.28,165.23 1 1
_\C_\Users\User\Desktop\graph_theory\Regex-creator\nfaBuilder\nfaBuilder.go:165.23,167.9 2 1
_\C_\Users\User\Desktop\graph_theory\Regex-creator\nfaBuilder\nfaBuilder.go:174.56,177.28 2 1
_\C_\Users\User\Desktop\graph_theory\Regex-creator\nfaBuilder\nfaBuilder.go:183.2,183.10 1 1
_\C_\Users\User\Desktop\graph_theory\Regex-creator\nfaBuilder\nfaBuilder.go:177.28,179.21 2 1
_\C_\Users\User\Desktop\graph_theory\Regex-creator\nfaBuilder\nfaBuilder.go:179.21,181.4 1 1
